2023-03-30T18:31:51.077Z [33mwarn[39m: [33mPOST /usuarios/register 200[39m
2023-03-30T18:34:25.260Z [33mwarn[39m: [33mPOST /usuarios/register 200[39m
2023-03-30T18:36:15.065Z [33mwarn[39m: [33mPOST /usuarios/register 200[39m
2023-03-30T18:38:46.630Z [33mwarn[39m: [33mPOST /usuarios/register 200[39m
2023-03-30T18:39:39.987Z [33mwarn[39m: [33mPOST /usuarios/register 200[39m
2023-03-30T18:46:19.500Z [31merror[39m: [31mPOST /usuarios/register 400[39m
2023-03-30T18:46:19.982Z [33mwarn[39m: [33mPOST /usuarios/register 400[39m
2023-03-30T18:50:26.177Z [31merror[39m: [31mPOST /usuarios/register 400[39m
2023-03-30T18:50:26.658Z [33mwarn[39m: [33mPOST /usuarios/register 400[39m
2023-03-30T19:24:59.385Z [31merror[39m: [31mGET /carrito/%7B%20%20_id:%20new%20ObjectId(%226425dcec06b186b99111e356%22),%20%20username:%20'mcuadros83',%20%20email:%20'cuadros_miguel@hotmail.com',%20%20password:%20'$2b$08$swTvvIQBGLb.tSp2embOde9TMZ4ksyy.zbWAW0HlJZotZzfBaPaBC',%20%20address:%20'AYACUCHO%201218',%20%20age:%2039,%20%20phone:%20'03834066414',%20%20image:%20'1680202988080-Paw%20Patrol%20Birthday%20Invitation%20-%20Hecho%20con%20PosterMyWall.jpg',%20%20cart_id:%20'6425dcec06b186b99111e354',%20%20createdAt:%202023-03-30T19:03:08.477Z,%20%20updatedAt:%202023-03-30T19:03:08.477Z,%20%20__v:%200%7D/productos 500[39m
2023-03-30T19:27:49.957Z [31merror[39m: [31mGET /carrito/%7B%20%20_id:%20new%20ObjectId(%226425dcec06b186b99111e356%22),%20%20username:%20'mcuadros83',%20%20email:%20'cuadros_miguel@hotmail.com',%20%20password:%20'$2b$08$swTvvIQBGLb.tSp2embOde9TMZ4ksyy.zbWAW0HlJZotZzfBaPaBC',%20%20address:%20'AYACUCHO%201218',%20%20age:%2039,%20%20phone:%20'03834066414',%20%20image:%20'1680202988080-Paw%20Patrol%20Birthday%20Invitation%20-%20Hecho%20con%20PosterMyWall.jpg',%20%20cart_id:%20'6425dcec06b186b99111e354',%20%20createdAt:%202023-03-30T19:03:08.477Z,%20%20updatedAt:%202023-03-30T19:03:08.477Z,%20%20__v:%200%7D/productos 500[39m
2023-03-30T19:46:31.261Z [31merror[39m: [31mGET /carrito/6425dcec06b186b99111e356/productos 500[39m
2023-03-31T00:31:57.067Z [31merror[39m: [31mGET /auth/register 404[39m
2023-03-31T00:31:57.127Z [31merror[39m: [31mGET /socket.io/socket.io.js 404[39m
2023-03-31T00:31:57.141Z [31merror[39m: [31mGET /assets/js/main.js 404[39m
2023-03-31T00:34:53.617Z [31merror[39m: [31mGET /socket.io/socket.io.js 404[39m
2023-03-31T00:34:53.631Z [31merror[39m: [31mGET /assets/js/main.js 404[39m
2023-03-31T00:35:20.611Z [33mwarn[39m: [33mPOST /usuarios/register 500[39m
2023-03-31T02:01:21.987Z [31merror[39m: [31mGET /socket.io/socket.io.js 404[39m
2023-03-31T02:01:56.545Z [31merror[39m: [31mGET /socket.io/socket.io.js 404[39m
2023-03-31T02:01:56.552Z [31merror[39m: [31mGET /assets/js/main.js 404[39m
2023-03-31T02:08:43.015Z [31merror[39m: [31mPOST /usuarios/register 409[39m
2023-03-31T02:08:43.150Z [31merror[39m: [31mGET /socket.io/socket.io.js 404[39m
2023-03-31T02:08:43.163Z [31merror[39m: [31mGET /assets/js/main.js 404[39m
2023-03-31T02:08:49.723Z [31merror[39m: [31mGET /socket.io/socket.io.js 404[39m
2023-03-31T02:08:49.744Z [31merror[39m: [31mGET /assets/js/main.js 404[39m
2023-03-31T02:18:26.828Z [31merror[39m: [31mGET /socket.io/socket.io.js 404[39m
2023-03-31T02:18:26.852Z [31merror[39m: [31mGET /assets/js/main.js 404[39m
